<?xml version="1.0" encoding="UTF-8"?>
<testsuite name="AnotherActivityTest" tests="1" skipped="0" failures="0" errors="0" timestamp="2023-04-03T16:44:41" hostname="L" time="22.693">
  <properties/>
  <testcase name="anotherActivityTest()" classname="AnotherActivityTest" time="22.693"/>
  <system-out><![CDATA[]]></system-out>
  <system-err><![CDATA[]]></system-err>
</testsuite>
