<?xml version="1.0" encoding="UTF-8"?>
<testsuite name="SampleTest" tests="2" skipped="0" failures="0" errors="0" timestamp="2023-04-09T14:36:58" hostname="L" time="34.304">
  <properties/>
  <testcase name="emptyField()" classname="SampleTest" time="17.507"/>
  <testcase name="anotherActivityTest()" classname="SampleTest" time="16.796"/>
  <system-out><![CDATA[]]></system-out>
  <system-err><![CDATA[]]></system-err>
</testsuite>
